FireBase_test1/app/build/intermediates/manifest_merge_blame_file/debug/manifest-merger-blame-debug-report.txt
1<?xml version="1.0" encoding="utf-8"?>
2<manifest xmlns:android="http://schemas.android.com/apk/res/android"
3    package="com.example.firebase_test1"
4    android:versionCode="1"
5    android:versionName="1.0" >
6
7    <uses-sdk
8        android:minSdkVersion="16"
8-->src\main\AndroidManifest.xml
9        android:targetSdkVersion="30" />
9-->src\main\AndroidManifest.xml
10
11    <uses-permission android:name="android.permission.ACCESS_NETWORK_STATE" />
11-->[com.firebaseui:firebase-ui-auth:6.2.0] AndroidManifest.xml:12:5-79
11-->[com.firebaseui:firebase-ui-auth:6.2.0] AndroidManifest.xml:12:22-76
12    <uses-permission android:name="android.permission.INTERNET" />
12-->[com.firebaseui:firebase-ui-auth:6.2.0] AndroidManifest.xml:13:5-67
12-->[com.firebaseui:firebase-ui-auth:6.2.0] AndroidManifest.xml:13:22-64
13
14    <application
14-->src\main\AndroidManifest.xml:5:5-44:19
15        android:allowBackup="true"
15-->src\main\AndroidManifest.xml:6:9-35
16        android:appComponentFactory="androidx.core.app.CoreComponentFactory"
16-->[androidx.core:core:1.5.0-alpha04] AndroidManifest.xml:24:18-86
17        android:debuggable="true"
18        android:icon="@mipmap/ic_launcher"
18-->src\main\AndroidManifest.xml:7:9-43
19        android:label="@string/app_name"
19-->src\main\AndroidManifest.xml:8:9-41
20        android:roundIcon="@mipmap/ic_launcher_round"
20-->src\main\AndroidManifest.xml:9:9-54
21        android:supportsRtl="true"
21-->src\main\AndroidManifest.xml:10:9-35
22        android:testOnly="true"
23        android:theme="@style/AppTheme" >
23-->src\main\AndroidManifest.xml:11:9-40
24        <activity android:name="com.example.firebase_test1.First.OneActivity" />
24-->src\main\AndroidManifest.xml:12:9-54
24-->src\main\AndroidManifest.xml:12:19-52
25        <activity android:name="com.example.firebase_test1.First.TwoActivity" />
25-->src\main\AndroidManifest.xml:13:9-54
25-->src\main\AndroidManifest.xml:13:19-52
26        <activity android:name="com.example.firebase_test1.First.ThreeActivity" />
26-->src\main\AndroidManifest.xml:14:9-56
26-->src\main\AndroidManifest.xml:14:19-54
27        <activity android:name="com.example.firebase_test1.First.FourActivity" />
27-->src\main\AndroidManifest.xml:15:9-55
27-->src\main\AndroidManifest.xml:15:19-53
28        <activity android:name="com.example.firebase_test1.Second.OneActivity" />
28-->src\main\AndroidManifest.xml:16:9-55
28-->src\main\AndroidManifest.xml:16:19-53
29        <activity android:name="com.example.firebase_test1.Second.TwoActivity" />
29-->src\main\AndroidManifest.xml:17:9-55
29-->src\main\AndroidManifest.xml:17:19-53
30        <activity android:name="com.example.firebase_test1.Second.ThreeActivity" />
30-->src\main\AndroidManifest.xml:18:9-57
30-->src\main\AndroidManifest.xml:18:19-55
31        <activity android:name="com.example.firebase_test1.Second.FourActivity" />
31-->src\main\AndroidManifest.xml:19:9-56
31-->src\main\AndroidManifest.xml:19:19-54
32        <activity android:name="com.example.firebase_test1.Third.OneActivity" />
32-->src\main\AndroidManifest.xml:20:9-54
32-->src\main\AndroidManifest.xml:20:19-52
33        <activity android:name="com.example.firebase_test1.Third.TwoActivity" />
33-->src\main\AndroidManifest.xml:21:9-54
33-->src\main\AndroidManifest.xml:21:19-52
34        <activity android:name="com.example.firebase_test1.Third.ThreeActivity" />
34-->src\main\AndroidManifest.xml:22:9-56
34-->src\main\AndroidManifest.xml:22:19-54
35        <activity android:name="com.example.firebase_test1.Third.FourActivity" />
35-->src\main\AndroidManifest.xml:23:9-55
35-->src\main\AndroidManifest.xml:23:19-53
36        <activity android:name="com.example.firebase_test1.Fourth.OneActivity" />
36-->src\main\AndroidManifest.xml:24:9-55
36-->src\main\AndroidManifest.xml:24:19-53
37        <activity android:name="com.example.firebase_test1.Fourth.TwoActivity" />
37-->src\main\AndroidManifest.xml:25:9-55
37-->src\main\AndroidManifest.xml:25:19-53
38        <activity android:name="com.example.firebase_test1.Fourth.ThreeActivity" />
38-->src\main\AndroidManifest.xml:26:9-57
38-->src\main\AndroidManifest.xml:26:19-55
39        <activity android:name="com.example.firebase_test1.Fourth.FourActivity" />
39-->src\main\AndroidManifest.xml:27:9-56
39-->src\main\AndroidManifest.xml:27:19-54
40        <activity android:name="com.example.firebase_test1.Dong.OneActivity" />
40-->src\main\AndroidManifest.xml:28:9-53
40-->src\main\AndroidManifest.xml:28:19-51
41        <activity android:name="com.example.firebase_test1.Dong.TwoActivity" />
41-->src\main\AndroidManifest.xml:29:9-53
41-->src\main\AndroidManifest.xml:29:19-51
42        <activity android:name="com.example.firebase_test1.Dong.ThreeActivity" />
42-->src\main\AndroidManifest.xml:30:9-55
42-->src\main\AndroidManifest.xml:30:19-53
43        <activity android:name="com.example.firebase_test1.Dong.FourActivity" />
43-->src\main\AndroidManifest.xml:31:9-54
43-->src\main\AndroidManifest.xml:31:19-52
44        <activity android:name="com.example.firebase_test1.Kim.OneActivity" />
44-->src\main\AndroidManifest.xml:32:9-52
44-->src\main\AndroidManifest.xml:32:19-50
45        <activity android:name="com.example.firebase_test1.Kim.TwoActivity" />
45-->src\main\AndroidManifest.xml:33:9-52
45-->src\main\AndroidManifest.xml:33:19-50
46        <activity android:name="com.example.firebase_test1.Kim.ThreeActivity" />
46-->src\main\AndroidManifest.xml:34:9-54
46-->src\main\AndroidManifest.xml:34:19-52
47        <activity android:name="com.example.firebase_test1.Kim.FourActivity" />
47-->src\main\AndroidManifest.xml:35:9-53
47-->src\main\AndroidManifest.xml:35:19-51
48        <activity android:name="com.example.firebase_test1.MainActivity" />
48-->src\main\AndroidManifest.xml:36:9-49
48-->src\main\AndroidManifest.xml:36:19-47
49        <activity android:name="com.example.firebase_test1.LoginActivity" >
49-->src\main\AndroidManifest.xml:37:9-43:20
49-->src\main\AndroidManifest.xml:37:19-48
50            <intent-filter>
50-->src\main\AndroidManifest.xml:38:13-42:29
51                <action android:name="android.intent.action.MAIN" />
51-->src\main\AndroidManifest.xml:39:17-69
51-->src\main\AndroidManifest.xml:39:25-66
52
53                <category android:name="android.intent.category.LAUNCHER" />
53-->src\main\AndroidManifest.xml:41:17-77
53-->src\main\AndroidManifest.xml:41:27-74
54            </intent-filter>
55        </activity>
56
57        <meta-data
57-->[com.firebaseui:firebase-ui-auth:6.2.0] AndroidManifest.xml:16:9-18:69
58            android:name="com.google.android.gms.version"
58-->[com.firebaseui:firebase-ui-auth:6.2.0] AndroidManifest.xml:17:13-58
59            android:value="@integer/google_play_services_version" />
59-->[com.firebaseui:firebase-ui-auth:6.2.0] AndroidManifest.xml:18:13-66
60        <meta-data
60-->[com.firebaseui:firebase-ui-auth:6.2.0] AndroidManifest.xml:19:9-21:63
61            android:name="com.facebook.sdk.ApplicationId"
61-->[com.firebaseui:firebase-ui-auth:6.2.0] AndroidManifest.xml:20:13-58
62            android:value="@string/facebook_application_id" />
62-->[com.firebaseui:firebase-ui-auth:6.2.0] AndroidManifest.xml:21:13-60
63
64        <activity
64-->[com.firebaseui:firebase-ui-auth:6.2.0] AndroidManifest.xml:23:9-27:61
65            android:name="com.firebase.ui.auth.KickoffActivity"
65-->[com.firebaseui:firebase-ui-auth:6.2.0] AndroidManifest.xml:24:13-64
66            android:exported="false"
66-->[com.firebaseui:firebase-ui-auth:6.2.0] AndroidManifest.xml:25:13-37
67            android:label=""
67-->[com.firebaseui:firebase-ui-auth:6.2.0] AndroidManifest.xml:26:13-29
68            android:theme="@style/FirebaseUI.Transparent" />
68-->[com.firebaseui:firebase-ui-auth:6.2.0] AndroidManifest.xml:27:13-58
69        <activity
69-->[com.firebaseui:firebase-ui-auth:6.2.0] AndroidManifest.xml:28:9-32:61
70            android:name="com.firebase.ui.auth.ui.idp.SingleSignInActivity"
70-->[com.firebaseui:firebase-ui-auth:6.2.0] AndroidManifest.xml:29:13-76
71            android:exported="false"
71-->[com.firebaseui:firebase-ui-auth:6.2.0] AndroidManifest.xml:30:13-37
72            android:label=""
72-->[com.firebaseui:firebase-ui-auth:6.2.0] AndroidManifest.xml:31:13-29
73            android:theme="@style/FirebaseUI.Transparent" />
73-->[com.firebaseui:firebase-ui-auth:6.2.0] AndroidManifest.xml:32:13-58
74        <activity
74-->[com.firebaseui:firebase-ui-auth:6.2.0] AndroidManifest.xml:33:9-37:61
75            android:name="com.firebase.ui.auth.ui.credentials.CredentialSaveActivity"
75-->[com.firebaseui:firebase-ui-auth:6.2.0] AndroidManifest.xml:34:13-86
76            android:exported="false"
76-->[com.firebaseui:firebase-ui-auth:6.2.0] AndroidManifest.xml:35:13-37
77            android:label=""
77-->[com.firebaseui:firebase-ui-auth:6.2.0] AndroidManifest.xml:36:13-29
78            android:theme="@style/FirebaseUI.Transparent" />
78-->[com.firebaseui:firebase-ui-auth:6.2.0] AndroidManifest.xml:37:13-58
79        <activity
79-->[com.firebaseui:firebase-ui-auth:6.2.0] AndroidManifest.xml:38:9-42:58
80            android:name="com.firebase.ui.auth.ui.email.RecoverPasswordActivity"
80-->[com.firebaseui:firebase-ui-auth:6.2.0] AndroidManifest.xml:39:13-81
81            android:exported="false"
81-->[com.firebaseui:firebase-ui-auth:6.2.0] AndroidManifest.xml:40:13-37
82            android:label="@string/fui_title_recover_password_activity"
82-->[com.firebaseui:firebase-ui-auth:6.2.0] AndroidManifest.xml:41:13-72
83            android:windowSoftInputMode="adjustResize" />
83-->[com.firebaseui:firebase-ui-auth:6.2.0] AndroidManifest.xml:42:13-55
84        <activity
84-->[com.firebaseui:firebase-ui-auth:6.2.0] AndroidManifest.xml:43:9-47:58
85            android:name="com.firebase.ui.auth.ui.email.EmailActivity"
85-->[com.firebaseui:firebase-ui-auth:6.2.0] AndroidManifest.xml:44:13-71
86            android:exported="false"
86-->[com.firebaseui:firebase-ui-auth:6.2.0] AndroidManifest.xml:45:13-37
87            android:label="@string/fui_sign_in_default"
87-->[com.firebaseui:firebase-ui-auth:6.2.0] AndroidManifest.xml:46:13-56
88            android:windowSoftInputMode="adjustResize" />
88-->[com.firebaseui:firebase-ui-auth:6.2.0] AndroidManifest.xml:47:13-55
89        <activity
89-->[com.firebaseui:firebase-ui-auth:6.2.0] AndroidManifest.xml:48:9-52:77
90            android:name="com.firebase.ui.auth.ui.phone.PhoneActivity"
90-->[com.firebaseui:firebase-ui-auth:6.2.0] AndroidManifest.xml:49:13-71
91            android:exported="false"
91-->[com.firebaseui:firebase-ui-auth:6.2.0] AndroidManifest.xml:50:13-37
92            android:label="@string/fui_sign_in_with_phone_number"
92-->[com.firebaseui:firebase-ui-auth:6.2.0] AndroidManifest.xml:51:13-66
93            android:windowSoftInputMode="adjustResize|stateAlwaysVisible" />
93-->[com.firebaseui:firebase-ui-auth:6.2.0] AndroidManifest.xml:52:13-74
94        <activity
94-->[com.firebaseui:firebase-ui-auth:6.2.0] AndroidManifest.xml:53:9-57:58
95            android:name="com.firebase.ui.auth.ui.idp.WelcomeBackIdpPrompt"
95-->[com.firebaseui:firebase-ui-auth:6.2.0] AndroidManifest.xml:54:13-76
96            android:exported="false"
96-->[com.firebaseui:firebase-ui-auth:6.2.0] AndroidManifest.xml:55:13-37
97            android:label="@string/fui_title_welcome_back_idp_prompt"
97-->[com.firebaseui:firebase-ui-auth:6.2.0] AndroidManifest.xml:56:13-70
98            android:windowSoftInputMode="adjustResize" />
98-->[com.firebaseui:firebase-ui-auth:6.2.0] AndroidManifest.xml:57:13-55
99        <activity
99-->[com.firebaseui:firebase-ui-auth:6.2.0] AndroidManifest.xml:58:9-62:58
100            android:name="com.firebase.ui.auth.ui.email.WelcomeBackPasswordPrompt"
100-->[com.firebaseui:firebase-ui-auth:6.2.0] AndroidManifest.xml:59:13-83
101            android:exported="false"
101-->[com.firebaseui:firebase-ui-auth:6.2.0] AndroidManifest.xml:60:13-37
102            android:label="@string/fui_title_welcome_back_password_prompt"
102-->[com.firebaseui:firebase-ui-auth:6.2.0] AndroidManifest.xml:61:13-75
103            android:windowSoftInputMode="adjustResize" />
103-->[com.firebaseui:firebase-ui-auth:6.2.0] AndroidManifest.xml:62:13-55
104        <activity
104-->[com.firebaseui:firebase-ui-auth:6.2.0] AndroidManifest.xml:63:9-67:58
105            android:name="com.firebase.ui.auth.ui.email.WelcomeBackEmailLinkPrompt"
105-->[com.firebaseui:firebase-ui-auth:6.2.0] AndroidManifest.xml:64:13-84
106            android:exported="false"
106-->[com.firebaseui:firebase-ui-auth:6.2.0] AndroidManifest.xml:65:13-37
107            android:label="@string/fui_title_welcome_back_password_prompt"
107-->[com.firebaseui:firebase-ui-auth:6.2.0] AndroidManifest.xml:66:13-75
108            android:windowSoftInputMode="adjustResize" />
108-->[com.firebaseui:firebase-ui-auth:6.2.0] AndroidManifest.xml:67:13-55
109        <activity
109-->[com.firebaseui:firebase-ui-auth:6.2.0] AndroidManifest.xml:68:9-73:58
110            android:name="com.firebase.ui.auth.ui.email.EmailLinkCatcherActivity"
110-->[com.firebaseui:firebase-ui-auth:6.2.0] AndroidManifest.xml:69:13-82
111            android:exported="false"
111-->[com.firebaseui:firebase-ui-auth:6.2.0] AndroidManifest.xml:70:13-37
112            android:label=""
112-->[com.firebaseui:firebase-ui-auth:6.2.0] AndroidManifest.xml:71:13-29
113            android:theme="@style/FirebaseUI.Transparent"
113-->[com.firebaseui:firebase-ui-auth:6.2.0] AndroidManifest.xml:72:13-58
114            android:windowSoftInputMode="adjustResize" />
114-->[com.firebaseui:firebase-ui-auth:6.2.0] AndroidManifest.xml:73:13-55
115        <activity
115-->[com.firebaseui:firebase-ui-auth:6.2.0] AndroidManifest.xml:74:9-78:58
116            android:name="com.firebase.ui.auth.ui.email.EmailLinkErrorRecoveryActivity"
116-->[com.firebaseui:firebase-ui-auth:6.2.0] AndroidManifest.xml:75:13-88
117            android:exported="false"
117-->[com.firebaseui:firebase-ui-auth:6.2.0] AndroidManifest.xml:76:13-37
118            android:label="@string/fui_sign_in_default"
118-->[com.firebaseui:firebase-ui-auth:6.2.0] AndroidManifest.xml:77:13-56
119            android:windowSoftInputMode="adjustResize" />
119-->[com.firebaseui:firebase-ui-auth:6.2.0] AndroidManifest.xml:78:13-55
120        <activity
120-->[com.firebaseui:firebase-ui-auth:6.2.0] AndroidManifest.xml:79:9-82:65
121            android:name="com.firebase.ui.auth.ui.idp.AuthMethodPickerActivity"
121-->[com.firebaseui:firebase-ui-auth:6.2.0] AndroidManifest.xml:80:13-80
122            android:exported="false"
122-->[com.firebaseui:firebase-ui-auth:6.2.0] AndroidManifest.xml:81:13-37
123            android:label="@string/fui_default_toolbar_title" />
123-->[com.firebaseui:firebase-ui-auth:6.2.0] AndroidManifest.xml:82:13-62
124        <activity
124-->[com.firebaseui:firebase-ui-auth:6.2.0] AndroidManifest.xml:83:9-87:48
125            android:name="com.facebook.FacebookActivity"
125-->[com.firebaseui:firebase-ui-auth:6.2.0] AndroidManifest.xml:84:13-57
126            android:configChanges="keyboard|keyboardHidden|screenLayout|screenSize|orientation"
126-->[com.firebaseui:firebase-ui-auth:6.2.0] AndroidManifest.xml:85:13-96
127            android:label="@string/app_name" />
127-->[com.firebaseui:firebase-ui-auth:6.2.0] AndroidManifest.xml:86:13-45
128        <activity
128-->[com.firebaseui:firebase-ui-auth:6.2.0] AndroidManifest.xml:88:9-100:20
129            android:name="com.facebook.CustomTabActivity"
129-->[com.firebaseui:firebase-ui-auth:6.2.0] AndroidManifest.xml:89:13-58
130            android:exported="true" >
130-->[com.firebaseui:firebase-ui-auth:6.2.0] AndroidManifest.xml:90:13-36
131            <intent-filter>
131-->[com.firebaseui:firebase-ui-auth:6.2.0] AndroidManifest.xml:92:13-99:29
132                <action android:name="android.intent.action.VIEW" />
132-->[com.firebaseui:firebase-ui-auth:6.2.0] AndroidManifest.xml:93:17-69
132-->[com.firebaseui:firebase-ui-auth:6.2.0] AndroidManifest.xml:93:25-66
133
134                <category android:name="android.intent.category.DEFAULT" />
134-->[com.firebaseui:firebase-ui-auth:6.2.0] AndroidManifest.xml:95:17-76
134-->[com.firebaseui:firebase-ui-auth:6.2.0] AndroidManifest.xml:95:27-73
135                <category android:name="android.intent.category.BROWSABLE" />
135-->[com.firebaseui:firebase-ui-auth:6.2.0] AndroidManifest.xml:96:17-78
135-->[com.firebaseui:firebase-ui-auth:6.2.0] AndroidManifest.xml:96:27-75
136
137                <data android:scheme="@string/facebook_login_protocol_scheme" />
137-->[com.firebaseui:firebase-ui-auth:6.2.0] AndroidManifest.xml:98:17-81
137-->[com.firebaseui:firebase-ui-auth:6.2.0] AndroidManifest.xml:98:23-78
138            </intent-filter>
139        </activity>
140
141        <provider
141-->[com.firebaseui:firebase-ui-auth:6.2.0] AndroidManifest.xml:102:9-106:38
142            android:name="com.firebase.ui.auth.data.client.AuthUiInitProvider"
142-->[com.firebaseui:firebase-ui-auth:6.2.0] AndroidManifest.xml:103:13-79
143            android:authorities="com.example.firebase_test1.authuiinitprovider"
143-->[com.firebaseui:firebase-ui-auth:6.2.0] AndroidManifest.xml:104:13-70
144            android:exported="false"
144-->[com.firebaseui:firebase-ui-auth:6.2.0] AndroidManifest.xml:105:13-37
145            android:initOrder="90" />
145-->[com.firebaseui:firebase-ui-auth:6.2.0] AndroidManifest.xml:106:13-35
146
147        <activity
147-->[com.google.firebase:firebase-auth:19.2.0] AndroidManifest.xml:24:9-31:50
148            android:name="com.google.firebase.auth.internal.FederatedSignInActivity"
148-->[com.google.firebase:firebase-auth:19.2.0] AndroidManifest.xml:25:13-85
149            android:excludeFromRecents="true"
149-->[com.google.firebase:firebase-auth:19.2.0] AndroidManifest.xml:26:13-46
150            android:exported="true"
150-->[com.google.firebase:firebase-auth:19.2.0] AndroidManifest.xml:27:13-36
151            android:launchMode="singleTask"
151-->[com.google.firebase:firebase-auth:19.2.0] AndroidManifest.xml:28:13-44
152            android:permission="com.google.firebase.auth.api.gms.permission.LAUNCH_FEDERATED_SIGN_IN"
152-->[com.google.firebase:firebase-auth:19.2.0] AndroidManifest.xml:29:13-102
153            android:theme="@android:style/Theme.Translucent.NoTitleBar" />
153-->[com.google.firebase:firebase-auth:19.2.0] AndroidManifest.xml:30:13-72
154
155        <service
155-->[com.google.firebase:firebase-auth:19.2.0] AndroidManifest.xml:33:9-39:19
156            android:name="com.google.firebase.components.ComponentDiscoveryService"
156-->[com.google.firebase:firebase-auth:19.2.0] AndroidManifest.xml:34:13-84
157            android:directBootAware="true"
157-->[com.google.firebase:firebase-common:19.3.1] AndroidManifest.xml:35:13-43
158            android:exported="false" >
158-->[com.google.firebase:firebase-auth:19.2.0] AndroidManifest.xml:35:13-37
159            <meta-data
159-->[com.google.firebase:firebase-auth:19.2.0] AndroidManifest.xml:36:13-38:85
160                android:name="com.google.firebase.components:com.google.firebase.auth.FirebaseAuthRegistrar"
160-->[com.google.firebase:firebase-auth:19.2.0] AndroidManifest.xml:37:17-109
161                android:value="com.google.firebase.components.ComponentRegistrar" />
161-->[com.google.firebase:firebase-auth:19.2.0] AndroidManifest.xml:38:17-82
162            <meta-data
162-->[com.google.firebase:firebase-database:19.4.0] AndroidManifest.xml:32:13-34:85
163                android:name="com.google.firebase.components:com.google.firebase.database.DatabaseRegistrar"
163-->[com.google.firebase:firebase-database:19.4.0] AndroidManifest.xml:33:17-109
164                android:value="com.google.firebase.components.ComponentRegistrar" />
164-->[com.google.firebase:firebase-database:19.4.0] AndroidManifest.xml:34:17-82
165        </service>
166
167        <provider
167-->[com.google.firebase:firebase-common:19.3.1] AndroidManifest.xml:26:9-31:39
168            android:name="com.google.firebase.provider.FirebaseInitProvider"
168-->[com.google.firebase:firebase-common:19.3.1] AndroidManifest.xml:27:13-77
169            android:authorities="com.example.firebase_test1.firebaseinitprovider"
169-->[com.google.firebase:firebase-common:19.3.1] AndroidManifest.xml:28:13-72
170            android:directBootAware="true"
170-->[com.google.firebase:firebase-common:19.3.1] AndroidManifest.xml:29:13-43
171            android:exported="false"
171-->[com.google.firebase:firebase-common:19.3.1] AndroidManifest.xml:30:13-37
172            android:initOrder="100" />
172-->[com.google.firebase:firebase-common:19.3.1] AndroidManifest.xml:31:13-36
173
174        <activity
174-->[com.google.android.gms:play-services-auth:17.0.0] AndroidManifest.xml:23:9-27:75
175            android:name="com.google.android.gms.auth.api.signin.internal.SignInHubActivity"
175-->[com.google.android.gms:play-services-auth:17.0.0] AndroidManifest.xml:24:13-93
176            android:excludeFromRecents="true"
176-->[com.google.android.gms:play-services-auth:17.0.0] AndroidManifest.xml:25:13-46
177            android:exported="false"
177-->[com.google.android.gms:play-services-auth:17.0.0] AndroidManifest.xml:26:13-37
178            android:theme="@android:style/Theme.Translucent.NoTitleBar" />
178-->[com.google.android.gms:play-services-auth:17.0.0] AndroidManifest.xml:27:13-72
179        <!--
180            Service handling Google Sign-In user revocation. For apps that do not integrate with
181            Google Sign-In, this service will never be started.
182        -->
183        <service
183-->[com.google.android.gms:play-services-auth:17.0.0] AndroidManifest.xml:33:9-36:110
184            android:name="com.google.android.gms.auth.api.signin.RevocationBoundService"
184-->[com.google.android.gms:play-services-auth:17.0.0] AndroidManifest.xml:34:13-89
185            android:exported="true"
185-->[com.google.android.gms:play-services-auth:17.0.0] AndroidManifest.xml:35:13-36
186            android:permission="com.google.android.gms.auth.api.signin.permission.REVOCATION_NOTIFICATION" />
186-->[com.google.android.gms:play-services-auth:17.0.0] AndroidManifest.xml:36:13-107
187
188        <activity
188-->[com.google.android.gms:play-services-base:17.1.0] AndroidManifest.xml:23:9-26:75
189            android:name="com.google.android.gms.common.api.GoogleApiActivity"
189-->[com.google.android.gms:play-services-base:17.1.0] AndroidManifest.xml:24:13-79
190            android:exported="false"
190-->[com.google.android.gms:play-services-base:17.1.0] AndroidManifest.xml:25:13-37
191            android:theme="@android:style/Theme.Translucent.NoTitleBar" />
191-->[com.google.android.gms:play-services-base:17.1.0] AndroidManifest.xml:26:13-72
192
193        <provider
193-->[androidx.lifecycle:lifecycle-process:2.1.0] AndroidManifest.xml:23:9-27:43
194            android:name="androidx.lifecycle.ProcessLifecycleOwnerInitializer"
194-->[androidx.lifecycle:lifecycle-process:2.1.0] AndroidManifest.xml:24:13-79
195            android:authorities="com.example.firebase_test1.lifecycle-process"
195-->[androidx.lifecycle:lifecycle-process:2.1.0] AndroidManifest.xml:25:13-69
196            android:exported="false"
196-->[androidx.lifecycle:lifecycle-process:2.1.0] AndroidManifest.xml:26:13-37
197            android:multiprocess="true" />
197-->[androidx.lifecycle:lifecycle-process:2.1.0] AndroidManifest.xml:27:13-40
198    </application>
199
200</manifest>